<?xml version="1.0" encoding="UTF-8"?>
<testsuite name="com.example.HelloWorldTest" tests="1" skipped="0" failures="0" errors="0" timestamp="2024-08-21T02:07:17" hostname="DESKTOP-UQ8NC2I" time="0.012">
  <properties/>
  <testcase name="testGetGreeting" classname="com.example.HelloWorldTest" time="0.012"/>
  <system-out><![CDATA[]]></system-out>
  <system-err><![CDATA[]]></system-err>
</testsuite>
