<?xml version="1.0" encoding="UTF-8"?>
<testsuite name="com.example.HelloWorldTest" tests="1" skipped="0" failures="0" errors="0" timestamp="2024-08-21T01:52:09" hostname="DESKTOP-UQ8NC2I" time="0.017">
  <properties/>
  <testcase name="testGetGreeting" classname="com.example.HelloWorldTest" time="0.017"/>
  <system-out><![CDATA[]]></system-out>
  <system-err><![CDATA[]]></system-err>
</testsuite>
